Checking file paths...
All file paths verified.
Spawn Editor server running on http://localhost:3000
Monster Backups will be saved to: /app/data/Monster/Backups
Zen Backups will be saved to: /app/data/Item/Drop/Backups
Shop Backups will be saved to: /app/data/Shops/Backups
Mix Backups will be saved to: /app/data/Mix/Backups
Map Drop Backups will be saved to: /app/data/Item/Drop/EachMonsterMapDrop/Backups
Event Backups will be saved to: /app/data/Event/Backups
[2025-12-17 10:06:45] [INFO] Checking file paths...
[2025-12-17 10:06:45] [INFO] All file paths verified.
[2025-12-17 10:06:45] [INFO] Spawn Editor server running on http://localhost:3000
[2025-12-17 10:06:45] [INFO] Monster Backups will be saved to: C:\Git\MuOnline-Editor\data\Monster\Backups
[2025-12-17 10:06:45] [INFO] Zen Backups will be saved to: C:\Git\MuOnline-Editor\data\Item\Drop\Backups
[2025-12-17 10:06:45] [INFO] Shop Backups will be saved to: C:\Git\MuOnline-Editor\data\Shops\Backups
[2025-12-17 10:06:45] [INFO] Mix Backups will be saved to: C:\Git\MuOnline-Editor\data\Mix\Backups
[2025-12-17 10:06:45] [INFO] Map Drop Backups will be saved to: C:\Git\MuOnline-Editor\data\Item\Drop\EachMonsterMapDrop\Backups
[2025-12-17 10:06:45] [INFO] Event Backups will be saved to: C:\Git\MuOnline-Editor\data\Event\Backups
[2025-12-17 10:07:20] [INFO] Checking file paths...
[2025-12-17 10:07:20] [INFO] All file paths verified.
[2025-12-17 10:07:20] [INFO] Spawn Editor server running on http://localhost:3000
[2025-12-17 10:07:20] [INFO] Monster Backups will be saved to: C:\Git\MuOnline-Editor\data\Monster\Backups
[2025-12-17 10:07:20] [INFO] Zen Backups will be saved to: C:\Git\MuOnline-Editor\data\Item\Drop\Backups
[2025-12-17 10:07:20] [INFO] Shop Backups will be saved to: C:\Git\MuOnline-Editor\data\Shops\Backups
[2025-12-17 10:07:20] [INFO] Mix Backups will be saved to: C:\Git\MuOnline-Editor\data\Mix\Backups
[2025-12-17 10:07:20] [INFO] Map Drop Backups will be saved to: C:\Git\MuOnline-Editor\data\Item\Drop\EachMonsterMapDrop\Backups
[2025-12-17 10:07:20] [INFO] Event Backups will be saved to: C:\Git\MuOnline-Editor\data\Event\Backups
[2025-12-17 10:07:23] [INFO] Checking file paths...
[2025-12-17 10:07:23] [INFO] All file paths verified.
[2025-12-17 10:07:23] [INFO] Spawn Editor server running on http://localhost:3000
[2025-12-17 10:07:23] [INFO] Monster Backups will be saved to: C:\Git\MuOnline-Editor\data\Monster\Backups
[2025-12-17 10:07:23] [INFO] Zen Backups will be saved to: C:\Git\MuOnline-Editor\data\Item\Drop\Backups
[2025-12-17 10:07:23] [INFO] Shop Backups will be saved to: C:\Git\MuOnline-Editor\data\Shops\Backups
[2025-12-17 10:07:23] [INFO] Mix Backups will be saved to: C:\Git\MuOnline-Editor\data\Mix\Backups
[2025-12-17 10:07:23] [INFO] Map Drop Backups will be saved to: C:\Git\MuOnline-Editor\data\Item\Drop\EachMonsterMapDrop\Backups
[2025-12-17 10:07:23] [INFO] Event Backups will be saved to: C:\Git\MuOnline-Editor\data\Event\Backups
[2025-12-17 10:07:37] [INFO] Checking file paths...
[2025-12-17 10:07:37] [INFO] All file paths verified.
[2025-12-17 10:07:37] [INFO] Spawn Editor server running on http://localhost:3000
[2025-12-17 10:07:37] [INFO] Monster Backups will be saved to: C:\Git\MuOnline-Editor\data\Monster\Backups
[2025-12-17 10:07:37] [INFO] Zen Backups will be saved to: C:\Git\MuOnline-Editor\data\Item\Drop\Backups
[2025-12-17 10:07:37] [INFO] Shop Backups will be saved to: C:\Git\MuOnline-Editor\data\Shops\Backups
[2025-12-17 10:07:37] [INFO] Mix Backups will be saved to: C:\Git\MuOnline-Editor\data\Mix\Backups
[2025-12-17 10:07:37] [INFO] Map Drop Backups will be saved to: C:\Git\MuOnline-Editor\data\Item\Drop\EachMonsterMapDrop\Backups
[2025-12-17 10:07:37] [INFO] Event Backups will be saved to: C:\Git\MuOnline-Editor\data\Event\Backups
[2025-12-17 10:07:53] [INFO] Checking file paths...
[2025-12-17 10:07:53] [INFO] All file paths verified.
[2025-12-17 10:07:53] [INFO] Spawn Editor server running on http://localhost:3000
[2025-12-17 10:07:53] [INFO] Monster Backups will be saved to: C:\Git\MuOnline-Editor\data\Monster\Backups
[2025-12-17 10:07:53] [INFO] Zen Backups will be saved to: C:\Git\MuOnline-Editor\data\Item\Drop\Backups
[2025-12-17 10:07:53] [INFO] Shop Backups will be saved to: C:\Git\MuOnline-Editor\data\Shops\Backups
[2025-12-17 10:07:53] [INFO] Mix Backups will be saved to: C:\Git\MuOnline-Editor\data\Mix\Backups
[2025-12-17 10:07:53] [INFO] Map Drop Backups will be saved to: C:\Git\MuOnline-Editor\data\Item\Drop\EachMonsterMapDrop\Backups
[2025-12-17 10:07:53] [INFO] Event Backups will be saved to: C:\Git\MuOnline-Editor\data\Event\Backups
[2025-12-17 10:08:40] [INFO] Checking file paths...
[2025-12-17 10:08:40] [INFO] All file paths verified.
[2025-12-17 10:08:40] [INFO] Spawn Editor server running on http://localhost:3000
[2025-12-17 10:08:40] [INFO] Monster Backups will be saved to: C:\Git\MuOnline-Editor\data\Monster\Backups
[2025-12-17 10:08:40] [INFO] Zen Backups will be saved to: C:\Git\MuOnline-Editor\data\Item\Drop\Backups
[2025-12-17 10:08:40] [INFO] Shop Backups will be saved to: C:\Git\MuOnline-Editor\data\Shops\Backups
[2025-12-17 10:08:40] [INFO] Mix Backups will be saved to: C:\Git\MuOnline-Editor\data\Mix\Backups
[2025-12-17 10:08:40] [INFO] Map Drop Backups will be saved to: C:\Git\MuOnline-Editor\data\Item\Drop\EachMonsterMapDrop\Backups
[2025-12-17 10:08:40] [INFO] Event Backups will be saved to: C:\Git\MuOnline-Editor\data\Event\Backups
[2025-12-17 10:10:33] [INFO] Checking file paths...
[2025-12-17 10:10:33] [INFO] All file paths verified.
[2025-12-17 10:10:33] [INFO] Spawn Editor server running on http://localhost:3000
[2025-12-17 10:10:33] [INFO] Monster Backups will be saved to: C:\Git\MuOnline-Editor\data\Monster\Backups
[2025-12-17 10:10:33] [INFO] Zen Backups will be saved to: C:\Git\MuOnline-Editor\data\Item\Drop\Backups
[2025-12-17 10:10:33] [INFO] Shop Backups will be saved to: C:\Git\MuOnline-Editor\data\Shops\Backups
[2025-12-17 10:10:33] [INFO] Mix Backups will be saved to: C:\Git\MuOnline-Editor\data\Mix\Backups
[2025-12-17 10:10:33] [INFO] Map Drop Backups will be saved to: C:\Git\MuOnline-Editor\data\Item\Drop\EachMonsterMapDrop\Backups
[2025-12-17 10:10:33] [INFO] Event Backups will be saved to: C:\Git\MuOnline-Editor\data\Event\Backups
[2025-12-17 10:12:07] [INFO] Restart requested via API...
[2025-12-17 10:12:08] [INFO] Exiting with code 10 (RESTART)...
[2025-12-17 10:12:10] [INFO] Checking file paths...
[2025-12-17 10:12:10] [INFO] All file paths verified.
[2025-12-17 10:12:10] [INFO] Spawn Editor server running on http://localhost:3000
[2025-12-17 10:12:10] [INFO] Monster Backups will be saved to: C:\Git\MuOnline-Editor\data\Monster\Backups
[2025-12-17 10:12:10] [INFO] Zen Backups will be saved to: C:\Git\MuOnline-Editor\data\Item\Drop\Backups
[2025-12-17 10:12:10] [INFO] Shop Backups will be saved to: C:\Git\MuOnline-Editor\data\Shops\Backups
[2025-12-17 10:12:10] [INFO] Mix Backups will be saved to: C:\Git\MuOnline-Editor\data\Mix\Backups
[2025-12-17 10:12:10] [INFO] Map Drop Backups will be saved to: C:\Git\MuOnline-Editor\data\Item\Drop\EachMonsterMapDrop\Backups
[2025-12-17 10:12:10] [INFO] Event Backups will be saved to: C:\Git\MuOnline-Editor\data\Event\Backups
[2025-12-17 10:18:29] [INFO] Checking file paths...
[2025-12-17 10:18:29] [INFO] All file paths verified.
[2025-12-17 10:18:29] [INFO] Spawn Editor server running on http://localhost:3000
[2025-12-17 10:18:29] [INFO] Monster Backups will be saved to: C:\Git\MuOnline-Editor\data\Monster\Backups
[2025-12-17 10:18:29] [INFO] Zen Backups will be saved to: C:\Git\MuOnline-Editor\data\Item\Drop\Backups
[2025-12-17 10:18:29] [INFO] Shop Backups will be saved to: C:\Git\MuOnline-Editor\data\Shops\Backups
[2025-12-17 10:18:29] [INFO] Mix Backups will be saved to: C:\Git\MuOnline-Editor\data\Mix\Backups
[2025-12-17 10:18:29] [INFO] Map Drop Backups will be saved to: C:\Git\MuOnline-Editor\data\Item\Drop\EachMonsterMapDrop\Backups
[2025-12-17 10:18:29] [INFO] Event Backups will be saved to: C:\Git\MuOnline-Editor\data\Event\Backups
[2025-12-17 10:19:34] [INFO] Restart requested via API...
[2025-12-17 10:19:34] [INFO] Exiting with code 10 (RESTART)...
[2025-12-17 10:19:51] [INFO] Checking file paths...
[2025-12-17 10:19:51] [INFO] All file paths verified.
[2025-12-17 10:19:51] [INFO] Spawn Editor server running on http://localhost:3000
[2025-12-17 10:19:51] [INFO] Monster Backups will be saved to: C:\Git\MuOnline-Editor\data\Monster\Backups
[2025-12-17 10:19:51] [INFO] Zen Backups will be saved to: C:\Git\MuOnline-Editor\data\Item\Drop\Backups
[2025-12-17 10:19:51] [INFO] Shop Backups will be saved to: C:\Git\MuOnline-Editor\data\Shops\Backups
[2025-12-17 10:19:51] [INFO] Mix Backups will be saved to: C:\Git\MuOnline-Editor\data\Mix\Backups
[2025-12-17 10:19:51] [INFO] Map Drop Backups will be saved to: C:\Git\MuOnline-Editor\data\Item\Drop\EachMonsterMapDrop\Backups
[2025-12-17 10:19:51] [INFO] Event Backups will be saved to: C:\Git\MuOnline-Editor\data\Event\Backups
[2025-12-17 10:19:56] [INFO] Shutdown requested via API...
[2025-12-17 10:19:57] [INFO] Exiting with code 0 (SHUTDOWN)...
[2025-12-17 10:23:14] [INFO] Checking file paths...
[2025-12-17 10:23:14] [INFO] All file paths verified.
[2025-12-17 10:23:14] [INFO] Spawn Editor server running on http://localhost:3000
[2025-12-17 10:23:14] [INFO] Monster Backups will be saved to: C:\Git\MuOnline-Editor\data\Monster\Backups
[2025-12-17 10:23:14] [INFO] Zen Backups will be saved to: C:\Git\MuOnline-Editor\data\Item\Drop\Backups
[2025-12-17 10:23:14] [INFO] Shop Backups will be saved to: C:\Git\MuOnline-Editor\data\Shops\Backups
[2025-12-17 10:23:14] [INFO] Mix Backups will be saved to: C:\Git\MuOnline-Editor\data\Mix\Backups
[2025-12-17 10:23:14] [INFO] Map Drop Backups will be saved to: C:\Git\MuOnline-Editor\data\Item\Drop\EachMonsterMapDrop\Backups
[2025-12-17 10:23:14] [INFO] Event Backups will be saved to: C:\Git\MuOnline-Editor\data\Event\Backups
[2025-12-17 10:28:50] [INFO] Restart requested via API...
[2025-12-17 10:28:50] [INFO] Exiting with code 10 (RESTART)...
[2025-12-17 10:29:03] [INFO] Checking file paths...
[2025-12-17 10:29:03] [INFO] All file paths verified.
[2025-12-17 10:29:03] [INFO] Spawn Editor server running on http://localhost:3000
[2025-12-17 10:29:03] [INFO] Monster Backups will be saved to: C:\Git\MuOnline-Editor\data\Monster\Backups
[2025-12-17 10:29:03] [INFO] Zen Backups will be saved to: C:\Git\MuOnline-Editor\data\Item\Drop\Backups
[2025-12-17 10:29:03] [INFO] Shop Backups will be saved to: C:\Git\MuOnline-Editor\data\Shops\Backups
[2025-12-17 10:29:03] [INFO] Mix Backups will be saved to: C:\Git\MuOnline-Editor\data\Mix\Backups
[2025-12-17 10:29:03] [INFO] Map Drop Backups will be saved to: C:\Git\MuOnline-Editor\data\Item\Drop\EachMonsterMapDrop\Backups
[2025-12-17 10:29:03] [INFO] Event Backups will be saved to: C:\Git\MuOnline-Editor\data\Event\Backups
[2025-12-17 10:31:58] [INFO] Restart requested via API...
[2025-12-17 10:31:58] [INFO] Exiting with code 10 (RESTART)...
[2025-12-17 10:33:24] [INFO] Checking file paths...
[2025-12-17 10:33:24] [INFO] All file paths verified.
[2025-12-17 10:33:24] [INFO] Spawn Editor server running on http://localhost:3000
[2025-12-17 10:33:24] [INFO] Monster Backups will be saved to: C:\Git\MuOnline-Editor\data\Monster\Backups
[2025-12-17 10:33:24] [INFO] Zen Backups will be saved to: C:\Git\MuOnline-Editor\data\Item\Drop\Backups
[2025-12-17 10:33:24] [INFO] Shop Backups will be saved to: C:\Git\MuOnline-Editor\data\Shops\Backups
[2025-12-17 10:33:24] [INFO] Mix Backups will be saved to: C:\Git\MuOnline-Editor\data\Mix\Backups
[2025-12-17 10:33:24] [INFO] Map Drop Backups will be saved to: C:\Git\MuOnline-Editor\data\Item\Drop\EachMonsterMapDrop\Backups
[2025-12-17 10:33:24] [INFO] Event Backups will be saved to: C:\Git\MuOnline-Editor\data\Event\Backups
[2025-12-17 10:33:35] [INFO] Restart requested via API...
[2025-12-17 10:33:35] [INFO] Exiting with code 10 (RESTART)...
[2025-12-17 10:33:37] [INFO] Checking file paths...
[2025-12-17 10:33:37] [INFO] All file paths verified.
[2025-12-17 10:33:37] [INFO] Spawn Editor server running on http://localhost:3000
[2025-12-17 10:33:37] [INFO] Monster Backups will be saved to: C:\Git\MuOnline-Editor\data\Monster\Backups
[2025-12-17 10:33:37] [INFO] Zen Backups will be saved to: C:\Git\MuOnline-Editor\data\Item\Drop\Backups
[2025-12-17 10:33:37] [INFO] Shop Backups will be saved to: C:\Git\MuOnline-Editor\data\Shops\Backups
[2025-12-17 10:33:37] [INFO] Mix Backups will be saved to: C:\Git\MuOnline-Editor\data\Mix\Backups
[2025-12-17 10:33:37] [INFO] Map Drop Backups will be saved to: C:\Git\MuOnline-Editor\data\Item\Drop\EachMonsterMapDrop\Backups
[2025-12-17 10:33:37] [INFO] Event Backups will be saved to: C:\Git\MuOnline-Editor\data\Event\Backups
[2025-12-17 10:33:48] [INFO] Restart requested via API...
[2025-12-17 10:33:48] [INFO] Exiting with code 10 (RESTART)...
[2025-12-17 10:33:50] [INFO] Checking file paths...
[2025-12-17 10:33:50] [INFO] All file paths verified.
[2025-12-17 10:33:50] [INFO] Spawn Editor server running on http://localhost:3000
[2025-12-17 10:33:50] [INFO] Monster Backups will be saved to: C:\Git\MuOnline-Editor\data\Monster\Backups
[2025-12-17 10:33:50] [INFO] Zen Backups will be saved to: C:\Git\MuOnline-Editor\data\Item\Drop\Backups
[2025-12-17 10:33:50] [INFO] Shop Backups will be saved to: C:\Git\MuOnline-Editor\data\Shops\Backups
[2025-12-17 10:33:50] [INFO] Mix Backups will be saved to: C:\Git\MuOnline-Editor\data\Mix\Backups
[2025-12-17 10:33:50] [INFO] Map Drop Backups will be saved to: C:\Git\MuOnline-Editor\data\Item\Drop\EachMonsterMapDrop\Backups
[2025-12-17 10:33:50] [INFO] Event Backups will be saved to: C:\Git\MuOnline-Editor\data\Event\Backups
[2025-12-17 10:35:35] [INFO] Checking file paths...
[2025-12-17 10:35:35] [INFO] All file paths verified.
[2025-12-17 10:35:35] [INFO] Spawn Editor server running on http://localhost:3000
[2025-12-17 10:35:35] [INFO] Monster Backups will be saved to: C:\Git\MuOnline-Editor\data\Monster\Backups
[2025-12-17 10:35:35] [INFO] Zen Backups will be saved to: C:\Git\MuOnline-Editor\data\Item\Drop\Backups
[2025-12-17 10:35:35] [INFO] Shop Backups will be saved to: C:\Git\MuOnline-Editor\data\Shops\Backups
[2025-12-17 10:35:35] [INFO] Mix Backups will be saved to: C:\Git\MuOnline-Editor\data\Mix\Backups
[2025-12-17 10:35:35] [INFO] Map Drop Backups will be saved to: C:\Git\MuOnline-Editor\data\Item\Drop\EachMonsterMapDrop\Backups
[2025-12-17 10:35:35] [INFO] Event Backups will be saved to: C:\Git\MuOnline-Editor\data\Event\Backups
[2025-12-17 10:39:24] [INFO] Checking file paths...
[2025-12-17 10:39:24] [INFO] All file paths verified.
[2025-12-17 10:39:24] [INFO] Spawn Editor server running on http://localhost:3000
[2025-12-17 10:39:24] [INFO] Monster Backups will be saved to: C:\Git\MuOnline-Editor\data\Monster\Backups
[2025-12-17 10:39:24] [INFO] Zen Backups will be saved to: C:\Git\MuOnline-Editor\data\Item\Drop\Backups
[2025-12-17 10:39:24] [INFO] Shop Backups will be saved to: C:\Git\MuOnline-Editor\data\Shops\Backups
[2025-12-17 10:39:24] [INFO] Mix Backups will be saved to: C:\Git\MuOnline-Editor\data\Mix\Backups
[2025-12-17 10:39:24] [INFO] Map Drop Backups will be saved to: C:\Git\MuOnline-Editor\data\Item\Drop\EachMonsterMapDrop\Backups
[2025-12-17 10:39:24] [INFO] Event Backups will be saved to: C:\Git\MuOnline-Editor\data\Event\Backups
[2025-12-17 10:46:59] [INFO] Checking file paths...
[2025-12-17 10:46:59] [INFO] All file paths verified.
[2025-12-17 10:46:59] [INFO] Spawn Editor server running on http://localhost:3000
[2025-12-17 10:46:59] [INFO] Monster Backups will be saved to: C:\Git\MuOnline-Editor\data\Monster\Backups
[2025-12-17 10:46:59] [INFO] Zen Backups will be saved to: C:\Git\MuOnline-Editor\data\Item\Drop\Backups
[2025-12-17 10:46:59] [INFO] Shop Backups will be saved to: C:\Git\MuOnline-Editor\data\Shops\Backups
[2025-12-17 10:46:59] [INFO] Mix Backups will be saved to: C:\Git\MuOnline-Editor\data\Mix\Backups
[2025-12-17 10:46:59] [INFO] Map Drop Backups will be saved to: C:\Git\MuOnline-Editor\data\Item\Drop\EachMonsterMapDrop\Backups
[2025-12-17 10:46:59] [INFO] Event Backups will be saved to: C:\Git\MuOnline-Editor\data\Event\Backups
[2025-12-17 11:20:57] [INFO] Checking file paths...
[2025-12-17 11:20:57] [INFO] All file paths verified.
[2025-12-17 11:20:57] [INFO] Spawn Editor server running on http://localhost:3000
[2025-12-17 11:20:57] [INFO] Monster Backups will be saved to: C:\Git\MuOnline-Editor\data\Monster\Backups
[2025-12-17 11:20:57] [INFO] Zen Backups will be saved to: C:\Git\MuOnline-Editor\data\Item\Drop\Backups
[2025-12-17 11:20:57] [INFO] Shop Backups will be saved to: C:\Git\MuOnline-Editor\data\Shops\Backups
[2025-12-17 11:20:57] [INFO] Mix Backups will be saved to: C:\Git\MuOnline-Editor\data\Mix\Backups
[2025-12-17 11:20:57] [INFO] Map Drop Backups will be saved to: C:\Git\MuOnline-Editor\data\Item\Drop\EachMonsterMapDrop\Backups
[2025-12-17 11:20:57] [INFO] Event Backups will be saved to: C:\Git\MuOnline-Editor\data\Event\Backups
[2025-12-17 11:33:57] [INFO] Checking file paths...
[2025-12-17 11:33:57] [INFO] All file paths verified.
[2025-12-17 11:33:57] [INFO] Spawn Editor server running on http://localhost:3000
[2025-12-17 11:33:57] [INFO] Monster Backups will be saved to: C:\Git\MuOnline-Editor\data\Monster\Backups
[2025-12-17 11:33:57] [INFO] Zen Backups will be saved to: C:\Git\MuOnline-Editor\data\Item\Drop\Backups
[2025-12-17 11:33:57] [INFO] Shop Backups will be saved to: C:\Git\MuOnline-Editor\data\Shops\Backups
[2025-12-17 11:33:57] [INFO] Mix Backups will be saved to: C:\Git\MuOnline-Editor\data\Mix\Backups
[2025-12-17 11:33:57] [INFO] Map Drop Backups will be saved to: C:\Git\MuOnline-Editor\data\Item\Drop\EachMonsterMapDrop\Backups
[2025-12-17 11:33:57] [INFO] Event Backups will be saved to: C:\Git\MuOnline-Editor\data\Event\Backups
[2025-12-17 11:36:26] [INFO] Restart requested via API...
[2025-12-17 11:36:26] [INFO] Exiting with code 10 (RESTART)...
[2025-12-17 11:36:28] [INFO] Checking file paths...
[2025-12-17 11:36:28] [INFO] All file paths verified.
[2025-12-17 11:36:28] [INFO] Spawn Editor server running on http://localhost:3000
[2025-12-17 11:36:28] [INFO] Monster Backups will be saved to: C:\Git\MuOnline-Editor\data\Monster\Backups
[2025-12-17 11:36:28] [INFO] Zen Backups will be saved to: C:\Git\MuOnline-Editor\data\Item\Drop\Backups
[2025-12-17 11:36:28] [INFO] Shop Backups will be saved to: C:\Git\MuOnline-Editor\data\Shops\Backups
[2025-12-17 11:36:28] [INFO] Mix Backups will be saved to: C:\Git\MuOnline-Editor\data\Mix\Backups
[2025-12-17 11:36:28] [INFO] Map Drop Backups will be saved to: C:\Git\MuOnline-Editor\data\Item\Drop\EachMonsterMapDrop\Backups
[2025-12-17 11:36:28] [INFO] Event Backups will be saved to: C:\Git\MuOnline-Editor\data\Event\Backups
[2025-12-17 11:37:25] [INFO] Configuration saved successfully.
[2025-12-17 11:37:32] [INFO] Restart requested via API...
[2025-12-17 11:37:32] [INFO] Exiting with code 10 (RESTART)...
[2025-12-17 11:37:34] [INFO] Checking file paths...
[2025-12-17 11:37:34] [INFO] All file paths verified.
[2025-12-17 11:37:34] [INFO] Spawn Editor server running on http://localhost:3000
[2025-12-17 11:37:34] [INFO] Monster Backups will be saved to: D:\DV-Team(S19.2)Full\Data\Monster\Backups
[2025-12-17 11:37:34] [INFO] Zen Backups will be saved to: D:\DV-Team(S19.2)Full\Data\Item\Drop\Backups
[2025-12-17 11:37:34] [INFO] Shop Backups will be saved to: D:\DV-Team(S19.2)Full\Data\Shops\Backups
[2025-12-17 11:37:34] [INFO] Mix Backups will be saved to: D:\DV-Team(S19.2)Full\Data\Mix\Backups
[2025-12-17 11:37:34] [INFO] Map Drop Backups will be saved to: D:\DV-Team(S19.2)Full\Data\Item\Drop\EachMonsterMapDrop\Backups
[2025-12-17 11:37:34] [INFO] Event Backups will be saved to: D:\DV-Team(S19.2)Full\Data\Event\Backups
[2025-12-17 11:44:43] [INFO] Restart requested via API...
[2025-12-17 11:44:43] [INFO] Exiting with code 10 (RESTART)...
[2025-12-17 11:44:46] [INFO] Checking file paths...
[2025-12-17 11:44:46] [INFO] All file paths verified.
[2025-12-17 11:44:46] [INFO] Spawn Editor server running on http://localhost:3000
[2025-12-17 11:44:46] [INFO] Monster Backups will be saved to: D:\DV-Team(S19.2)Full\Data\Monster\Backups
[2025-12-17 11:44:46] [INFO] Zen Backups will be saved to: D:\DV-Team(S19.2)Full\Data\Item\Drop\Backups
[2025-12-17 11:44:46] [INFO] Shop Backups will be saved to: D:\DV-Team(S19.2)Full\Data\Shops\Backups
[2025-12-17 11:44:46] [INFO] Mix Backups will be saved to: D:\DV-Team(S19.2)Full\Data\Mix\Backups
[2025-12-17 11:44:46] [INFO] Map Drop Backups will be saved to: D:\DV-Team(S19.2)Full\Data\Item\Drop\EachMonsterMapDrop\Backups
[2025-12-17 11:44:46] [INFO] Event Backups will be saved to: D:\DV-Team(S19.2)Full\Data\Event\Backups
